Thu Jul 05 23:32:59 BST 2012  [debug] AvalonLogChute initialized using file 'velocity.log'
Thu Jul 05 23:32:59 BST 2012  [trace] *******************************************************************
Thu Jul 05 23:32:59 BST 2012  [debug] Starting Jakarta Velocity v1.5-SNAPSHOT (compiled: 2006-07-21 06:25:35)
Thu Jul 05 23:32:59 BST 2012  [trace] RuntimeInstance initializing.
Thu Jul 05 23:32:59 BST 2012  [debug] Default Properties File: org/apache/velocity/runtime/defaults/velocity.properties
Thu Jul 05 23:32:59 BST 2012  [debug] Trying to use logger class org.apache.velocity.runtime.log.AvalonLogChute
Thu Jul 05 23:32:59 BST 2012  [debug] Using logger class org.apache.velocity.runtime.log.AvalonLogChute
Thu Jul 05 23:32:59 BST 2012  [debug] Default ResourceManager initializing. (class org.apache.velocity.runtime.resource.ResourceManagerImpl)
Thu Jul 05 23:32:59 BST 2012  [debug] ResourceLoader instantiated: org.apache.velocity.runtime.resource.loader.ClasspathResourceLoader
Thu Jul 05 23:32:59 BST 2012  [trace] ClasspathResourceLoader : initialization complete.
Thu Jul 05 23:32:59 BST 2012  [debug] ResourceCache: initialized (class org.apache.velocity.runtime.resource.ResourceCacheImpl)
Thu Jul 05 23:32:59 BST 2012  [trace] Default ResourceManager initialization complete.
Thu Jul 05 23:32:59 BST 2012  [debug] Loaded System Directive: org.apache.velocity.runtime.directive.Literal
Thu Jul 05 23:32:59 BST 2012  [debug] Loaded System Directive: org.apache.velocity.runtime.directive.Macro
Thu Jul 05 23:32:59 BST 2012  [debug] Loaded System Directive: org.apache.velocity.runtime.directive.Parse
Thu Jul 05 23:32:59 BST 2012  [debug] Loaded System Directive: org.apache.velocity.runtime.directive.Include
Thu Jul 05 23:32:59 BST 2012  [debug] Loaded System Directive: org.apache.velocity.runtime.directive.Foreach
Thu Jul 05 23:32:59 BST 2012  [debug] Created '20' parsers.
Thu Jul 05 23:32:59 BST 2012  [trace] Velocimacro : initialization starting.
Thu Jul 05 23:32:59 BST 2012  [debug] Velocimacro : "velocimacro.library" is not set.  Trying default library: VM_global_library.vm
Thu Jul 05 23:32:59 BST 2012  [debug] Velocimacro : Default library not found.
Thu Jul 05 23:32:59 BST 2012  [debug] Velocimacro : allowInline = true : VMs can be defined inline in templates
Thu Jul 05 23:32:59 BST 2012  [debug] Velocimacro : allowInlineToOverride = false : VMs defined inline may NOT replace previous VM definitions
Thu Jul 05 23:32:59 BST 2012  [debug] Velocimacro : allowInlineLocal = false : VMs defined inline will be global in scope if allowed.
Thu Jul 05 23:32:59 BST 2012  [debug] Velocimacro : autoload off : VM system will not automatically reload global library macros
Thu Jul 05 23:32:59 BST 2012  [trace] Velocimacro : initialization complete.
Thu Jul 05 23:32:59 BST 2012  [trace] RuntimeInstance successfully initialized.
Thu Jul 05 23:32:59 BST 2012  [debug] ResourceManager : found templates/featureReport.vm with loader org.apache.velocity.runtime.resource.loader.ClasspathResourceLoader
